--------------------------------------------------------------------------------
Release 14.7 Trace  (nt64)
Copyright (c) 1995-2013 Xilinx, Inc.  All rights reserved.

C:\14.7\ISE_DS\ISE\bin\nt64\unwrapped\trce.exe -intstyle ise -v 3 -s 4 -n 3
-fastpaths -xml boxColor.twx boxColor.ncd -o boxColor.twr boxColor.pcf

Design file:              boxColor.ncd
Physical constraint file: boxColor.pcf
Device,package,speed:     xc3s1000,ft256,-4 (PRODUCTION 1.39 2013-10-13)
Report level:             verbose report

Environment Variable      Effect 
--------------------      ------ 
NONE                      No environment variables were set
--------------------------------------------------------------------------------

INFO:Timing:2698 - No timing constraints found, doing default enumeration.
INFO:Timing:3412 - To improve timing, see the Timing Closure User Guide (UG612).
INFO:Timing:2752 - To get complete path coverage, use the unconstrained paths 
   option. All paths that are not constrained will be reported in the 
   unconstrained paths section(s) of the report.
INFO:Timing:3339 - The clock-to-out numbers in this timing report are based on 
   a 50 Ohm transmission line loading model.  For the details of this model, 
   and for more information on accounting for different loading conditions, 
   please see the device datasheet.
INFO:Timing:3390 - This architecture does not support a default System Jitter 
   value, please add SYSTEM_JITTER constraint to the UCF to modify the Clock 
   Uncertainty calculation.
INFO:Timing:3389 - This architecture does not support 'Discrete Jitter' and 
   'Phase Error' calculations, these terms will be zero in the Clock 
   Uncertainty calculation.  Please make appropriate modification to 
   SYSTEM_JITTER to account for the unsupported Discrete Jitter and Phase 
   Error.



Data Sheet report:
-----------------
All values displayed in nanoseconds (ns)

Pad to Pad
---------------+---------------+---------+
Source Pad     |Destination Pad|  Delay  |
---------------+---------------+---------+
number<0>      |blue_out<0>    |    7.252|
number<0>      |blue_out<2>    |    7.480|
number<0>      |green_out<0>   |    8.319|
number<0>      |green_out<1>   |    7.824|
number<0>      |green_out<2>   |    7.918|
number<0>      |red_out<0>     |    8.101|
number<0>      |red_out<1>     |    7.573|
number<0>      |red_out<2>     |    7.221|
number<1>      |blue_out<0>    |    8.035|
number<1>      |blue_out<1>    |    8.049|
number<1>      |blue_out<2>    |    7.997|
number<1>      |green_out<0>   |    7.708|
number<1>      |green_out<1>   |    7.876|
number<1>      |green_out<2>   |    7.427|
number<1>      |red_out<0>     |    8.244|
number<1>      |red_out<1>     |    8.314|
number<1>      |red_out<2>     |    8.004|
number<2>      |blue_out<0>    |    8.361|
number<2>      |blue_out<1>    |    7.852|
number<2>      |blue_out<2>    |    7.715|
number<2>      |green_out<0>   |    8.713|
number<2>      |green_out<1>   |    7.778|
number<2>      |green_out<2>   |    8.233|
number<2>      |red_out<0>     |    8.070|
number<2>      |red_out<1>     |    8.561|
number<2>      |red_out<2>     |    8.330|
number<3>      |blue_out<0>    |    7.364|
number<3>      |blue_out<1>    |    8.163|
number<3>      |blue_out<2>    |    7.963|
number<3>      |green_out<0>   |    7.580|
number<3>      |green_out<1>   |    7.557|
number<3>      |green_out<2>   |    7.221|
number<3>      |red_out<0>     |    7.919|
number<3>      |red_out<1>     |    7.763|
number<3>      |red_out<2>     |    7.333|
---------------+---------------+---------+


Analysis completed Wed May 17 08:50:37 2017 
--------------------------------------------------------------------------------

Trace Settings:
-------------------------
Trace Settings 

Peak Memory Usage: 165 MB



