Command line:
   VGA_KYBD_LAB_isim_beh.exe
     -simmode  gui
     -simrunnum  0
     -socket  22096

Tue May 02 10:43:44 2017


 Elaboration Time: 0.03125 sec

 Current Memory Usage: 842.998 Meg

 Total Signals          : 84
 Total Nets             : 125
 Total Signal Drivers   : 36
 Total Blocks           : 10
 Total Primitive Blocks : 8
 Total Processes        : 23
 Total Traceable Variables  : 35
 Total Scalar Nets and Variables : 719
Total Line Count : 66

 Total Simulation Time: 0.046875 sec

 Current Memory Usage: 842.998 Meg

Tue May 02 10:43:51 2017

