Command line:
   imem_isim_beh.exe
     -simmode  gui
     -simrunnum  0
     -socket  4595

Thu Apr 27 10:40:54 2017


 Elaboration Time: 0.03125 sec

 Current Memory Usage: 842.461 Meg

 Total Signals          : 2
 Total Nets             : 38
 Total Signal Drivers   : 1
 Total Blocks           : 6
 Total Primitive Blocks : 6
 Total Processes        : 1
 Total Traceable Variables  : 15
 Total Scalar Nets and Variables : 539
Total Line Count : 1

 Total Simulation Time: 0.03125 sec

 Current Memory Usage: 842.461 Meg

Thu Apr 27 10:41:03 2017

